# JRE version: OpenJDK Runtime Environment (11.0.10) (build 11.0.10+0-b96-7249189)
# Java VM: OpenJDK 64-Bit Server VM (11.0.10+0-b96-7249189, mixed mode, tiered, compressed oops, g1 gc, windows-amd64)
Heap:
 garbage-first heap   total 230400K, used 145449K [0x0000000080000000, 0x0000000100000000)
  region size 1024K, 12 young (12288K), 3 survivors (3072K)
 Metaspace       used 161476K, capacity 166982K, committed 167372K, reserved 1196032K
  class space    used 19469K, capacity 21395K, committed 21504K, reserved 1048576K
GC Heap History (20 events):
Event: 13870.138 GC heap before
{Heap before GC invocations=522 (full 0):
 garbage-first heap   total 230400K, used 173343K [0x0000000080000000, 0x0000000100000000)
  region size 1024K, 50 young (51200K), 5 survivors (5120K)
 Metaspace       used 145883K, capacity 151128K, committed 151372K, reserved 1181696K
  class space    used 17421K, capacity 19296K, committed 19328K, reserved 1048576K
}
Event: 13870.146 GC heap after
{Heap after GC invocations=523 (full 0):
 garbage-first heap   total 230400K, used 131066K [0x0000000080000000, 0x0000000100000000)
  region size 1024K, 6 young (6144K), 6 survivors (6144K)
 Metaspace       used 145883K, capacity 151128K, committed 151372K, reserved 1181696K
  class space    used 17421K, capacity 19296K, committed 19328K, reserved 1048576K
}
Event: 13870.667 GC heap before
{Heap before GC invocations=524 (full 0):
 garbage-first heap   total 230400K, used 178170K [0x0000000080000000, 0x0000000100000000)
  region size 1024K, 52 young (53248K), 6 survivors (6144K)
 Metaspace       used 148271K, capacity 153657K, committed 153804K, reserved 1183744K
  class space    used 17761K, capacity 19663K, committed 19712K, reserved 1048576K
}
Event: 13870.675 GC heap after
{Heap after GC invocations=525 (full 0):
 garbage-first heap   total 230400K, used 133983K [0x0000000080000000, 0x0000000100000000)
  region size 1024K, 6 young (6144K), 6 survivors (6144K)
 Metaspace       used 148271K, capacity 153657K, committed 153804K, reserved 1183744K
  class space    used 17761K, capacity 19663K, committed 19712K, reserved 1048576K
}
Event: 13870.726 GC heap before
{Heap before GC invocations=525 (full 0):
 garbage-first heap   total 230400K, used 139103K [0x0000000080000000, 0x0000000100000000)
  region size 1024K, 11 young (11264K), 6 survivors (6144K)
 Metaspace       used 148765K, capacity 154105K, committed 154444K, reserved 1183744K
  class space    used 17828K, capacity 19727K, committed 19840K, reserved 1048576K
}
Event: 13870.736 GC heap after
{Heap after GC invocations=526 (full 0):
 garbage-first heap   total 230400K, used 134122K [0x0000000080000000, 0x0000000100000000)
  region size 1024K, 1 young (1024K), 1 survivors (1024K)
 Metaspace       used 148765K, capacity 154105K, committed 154444K, reserved 1183744K
  class space    used 17828K, capacity 19727K, committed 19840K, reserved 1048576K
}
Event: 15257.888 GC heap before
{Heap before GC invocations=526 (full 0):
 garbage-first heap   total 230400K, used 182250K [0x0000000080000000, 0x0000000100000000)
  region size 1024K, 48 young (49152K), 1 survivors (1024K)
 Metaspace       used 150659K, capacity 156145K, committed 156236K, reserved 1185792K
  class space    used 18092K, capacity 20013K, committed 20096K, reserved 1048576K
}
Event: 15258.228 GC heap after
{Heap after GC invocations=527 (full 0):
 garbage-first heap   total 230400K, used 135806K [0x0000000080000000, 0x0000000100000000)
  region size 1024K, 3 young (3072K), 3 survivors (3072K)
 Metaspace       used 150659K, capacity 156145K, committed 156236K, reserved 1185792K
  class space    used 18092K, capacity 20013K, committed 20096K, reserved 1048576K
}
Event: 15521.181 GC heap before
{Heap before GC invocations=528 (full 0):
 garbage-first heap   total 230400K, used 183934K [0x0000000080000000, 0x0000000100000000)
  region size 1024K, 51 young (52224K), 3 survivors (3072K)
 Metaspace       used 152610K, capacity 157763K, committed 158924K, reserved 1187840K
  class space    used 18360K, capacity 20168K, committed 20480K, reserved 1048576K
}
Event: 15521.197 GC heap after
{Heap after GC invocations=529 (full 0):
 garbage-first heap   total 230400K, used 139093K [0x0000000080000000, 0x0000000100000000)
  region size 1024K, 6 young (6144K), 6 survivors (6144K)
 Metaspace       used 152610K, capacity 157763K, committed 158924K, reserved 1187840K
  class space    used 18360K, capacity 20168K, committed 20480K, reserved 1048576K
}
Event: 15521.290 GC heap before
{Heap before GC invocations=529 (full 0):
 garbage-first heap   total 230400K, used 144213K [0x0000000080000000, 0x0000000100000000)
  region size 1024K, 11 young (11264K), 6 survivors (6144K)
 Metaspace       used 152645K, capacity 157763K, committed 158924K, reserved 1187840K
  class space    used 18360K, capacity 20168K, committed 20480K, reserved 1048576K
}
Event: 15521.340 GC heap after
{Heap after GC invocations=530 (full 0):
 garbage-first heap   total 230400K, used 136764K [0x0000000080000000, 0x0000000100000000)
  region size 1024K, 1 young (1024K), 1 survivors (1024K)
 Metaspace       used 152645K, capacity 157763K, committed 158924K, reserved 1187840K
  class space    used 18360K, capacity 20168K, committed 20480K, reserved 1048576K
}
Event: 15522.899 GC heap before
{Heap before GC invocations=530 (full 0):
 garbage-first heap   total 230400K, used 186940K [0x0000000080000000, 0x0000000100000000)
  region size 1024K, 50 young (51200K), 1 survivors (1024K)
 Metaspace       used 154981K, capacity 160378K, committed 161228K, reserved 1189888K
  class space    used 18629K, capacity 20520K, committed 20736K, reserved 1048576K
}
Event: 15522.925 GC heap after
{Heap after GC invocations=531 (full 0):
 garbage-first heap   total 230400K, used 141000K [0x0000000080000000, 0x0000000100000000)
  region size 1024K, 5 young (5120K), 5 survivors (5120K)
 Metaspace       used 154981K, capacity 160378K, committed 161228K, reserved 1189888K
  class space    used 18629K, capacity 20520K, committed 20736K, reserved 1048576K
}
Event: 15525.222 GC heap before
{Heap before GC invocations=532 (full 0):
 garbage-first heap   total 230400K, used 188104K [0x0000000080000000, 0x0000000100000000)
  region size 1024K, 52 young (53248K), 5 survivors (5120K)
 Metaspace       used 160896K, capacity 166434K, committed 166732K, reserved 1193984K
  class space    used 19416K, capacity 21343K, committed 21376K, reserved 1048576K
}
Event: 15525.234 GC heap after
{Heap after GC invocations=533 (full 0):
 garbage-first heap   total 230400K, used 145027K [0x0000000080000000, 0x0000000100000000)
  region size 1024K, 4 young (4096K), 4 survivors (4096K)
 Metaspace       used 160896K, capacity 166434K, committed 166732K, reserved 1193984K
  class space    used 19416K, capacity 21343K, committed 21376K, reserved 1048576K
}
Event: 15526.662 GC heap before
{Heap before GC invocations=533 (full 0):
 garbage-first heap   total 230400K, used 152195K [0x0000000080000000, 0x0000000100000000)
  region size 1024K, 11 young (11264K), 4 survivors (4096K)
 Metaspace       used 161196K, capacity 166743K, committed 167116K, reserved 1196032K
  class space    used 19444K, capacity 21379K, committed 21504K, reserved 1048576K
}
Event: 15526.688 GC heap after
{Heap after GC invocations=534 (full 0):
 garbage-first heap   total 230400K, used 135520K [0x0000000080000000, 0x0000000100000000)
  region size 1024K, 1 young (1024K), 1 survivors (1024K)
 Metaspace       used 161196K, capacity 166743K, committed 167116K, reserved 1196032K
  class space    used 19444K, capacity 21379K, committed 21504K, reserved 1048576K
}
Event: 15532.675 GC heap before
{Heap before GC invocations=534 (full 0):
 garbage-first heap   total 230400K, used 153952K [0x0000000080000000, 0x0000000100000000)
  region size 1024K, 21 young (21504K), 1 survivors (1024K)
 Metaspace       used 161385K, capacity 166954K, committed 167372K, reserved 1196032K
  class space    used 19456K, capacity 21386K, committed 21504K, reserved 1048576K
}
Event: 15532.683 GC heap after
{Heap after GC invocations=535 (full 0):
 garbage-first heap   total 230400K, used 137257K [0x0000000080000000, 0x0000000100000000)
  region size 1024K, 3 young (3072K), 3 survivors (3072K)
 Metaspace       used 161385K, capacity 166954K, committed 167372K, reserved 1196032K
  class space    used 19456K, capacity 21386K, committed 21504K, reserved 1048576K
}

